<?xml version="1.0" encoding="UTF-8"?>
<testsuite name="TestRunner" tests="23" skipped="0" failures="0" errors="0" timestamp="2018-02-05T14:56:55" hostname="hellowkitty-UX32LN" time="0.036">
  <properties/>
  <testcase name="testFuv" classname="TestRunner" time="0.005"/>
  <testcase name="testPUM" classname="TestRunner" time="0.003"/>
  <testcase name="testCMV10" classname="TestRunner" time="0.001"/>
  <testcase name="testCMV14" classname="TestRunner" time="0.001"/>
  <testcase name="testCmv11" classname="TestRunner" time="0.003"/>
  <testcase name="testCmv12" classname="TestRunner" time="0.0"/>
  <testcase name="testCmv13" classname="TestRunner" time="0.0"/>
  <testcase name="testAngleOfThreePoints" classname="TestRunner" time="0.0"/>
  <testcase name="testCMV6" classname="TestRunner" time="0.001"/>
  <testcase name="testCmv0" classname="TestRunner" time="0.0"/>
  <testcase name="testCmv1" classname="TestRunner" time="0.001"/>
  <testcase name="testCmv2" classname="TestRunner" time="0.0"/>
  <testcase name="testCmv3" classname="TestRunner" time="0.0"/>
  <testcase name="testCmv4" classname="TestRunner" time="0.001"/>
  <testcase name="testCmv5" classname="TestRunner" time="0.0"/>
  <testcase name="testCmv7" classname="TestRunner" time="0.001"/>
  <testcase name="testCmv8" classname="TestRunner" time="0.001"/>
  <testcase name="testCmv9" classname="TestRunner" time="0.0"/>
  <testcase name="testTriangleArea" classname="TestRunner" time="0.0"/>
  <testcase name="testDistBetweenIdxPoints" classname="TestRunner" time="0.0"/>
  <testcase name="testDecide" classname="TestRunner" time="0.005"/>
  <testcase name="testDistanceBetweenPointAndLine" classname="TestRunner" time="0.0"/>
  <testcase name="testGetDistance" classname="TestRunner" time="0.0"/>
  <system-out><![CDATA[]]></system-out>
  <system-err><![CDATA[]]></system-err>
</testsuite>
